events.js:173
      throw er; // Unhandled 'error' event
      ^

Error: listen EADDRINUSE: address already in use :::3000
    at Server.setupListenHandle [as _listen2] (net.js:1256:14)
    at listenInCluster (net.js:1304:12)
    at Server.listen (net.js:1392:7)
    at Function.listen (C:\Users\6001290\Desktop\jobs\pipeline_app_lectura\server\node_modules\express\lib\application.js:618:24)
    at Object.<anonymous> (C:\Users\6001290\Desktop\jobs\pipeline_app_lectura\server\bin\server.js:7:5)
    at Module._compile (internal/modules/cjs/loader.js:738:30)
    at Object.Module._extensions..js (internal/modules/cjs/loader.js:749:10)
    at Module.load (internal/modules/cjs/loader.js:630:32)
    at tryModuleLoad (internal/modules/cjs/loader.js:570:12)
    at Function.Module._load (internal/modules/cjs/loader.js:562:3)
    at Function.Module.runMain (internal/modules/cjs/loader.js:801:12)
    at internal/main/run_main_module.js:21:11
Emitted 'error' event at:
    at emitErrorNT (net.js:1283:8)
    at processTicksAndRejections (internal/process/next_tick.js:76:17)
    at process.runNextTicks [as _tickCallback] (internal/process/next_tick.js:51:3)
    at Function.Module.runMain (internal/modules/cjs/loader.js:804:11)
    at internal/main/run_main_module.js:21:11
events.js:173
      throw er; // Unhandled 'error' event
      ^

Error: listen EADDRINUSE: address already in use :::3000
    at Server.setupListenHandle [as _listen2] (net.js:1256:14)
    at listenInCluster (net.js:1304:12)
    at Server.listen (net.js:1392:7)
    at Function.listen (C:\Users\6001290\Desktop\jobs\pipeline_app_lectura\server\node_modules\express\lib\application.js:618:24)
    at Object.<anonymous> (C:\Users\6001290\Desktop\jobs\pipeline_app_lectura\server\bin\server.js:7:5)
    at Module._compile (internal/modules/cjs/loader.js:738:30)
    at Object.Module._extensions..js (internal/modules/cjs/loader.js:749:10)
    at Module.load (internal/modules/cjs/loader.js:630:32)
    at tryModuleLoad (internal/modules/cjs/loader.js:570:12)
    at Function.Module._load (internal/modules/cjs/loader.js:562:3)
    at Function.Module.runMain (internal/modules/cjs/loader.js:801:12)
    at internal/main/run_main_module.js:21:11
Emitted 'error' event at:
    at emitErrorNT (net.js:1283:8)
    at processTicksAndRejections (internal/process/next_tick.js:76:17)
    at process.runNextTicks [as _tickCallback] (internal/process/next_tick.js:51:3)
    at Function.Module.runMain (internal/modules/cjs/loader.js:804:11)
    at internal/main/run_main_module.js:21:11
events.js:173
      throw er; // Unhandled 'error' event
      ^

Error: listen EADDRINUSE: address already in use :::3000
    at Server.setupListenHandle [as _listen2] (net.js:1256:14)
    at listenInCluster (net.js:1304:12)
    at Server.listen (net.js:1392:7)
    at Function.listen (C:\Users\6001290\Desktop\jobs\pipeline_app_lectura\server\node_modules\express\lib\application.js:618:24)
    at Object.<anonymous> (C:\Users\6001290\Desktop\jobs\pipeline_app_lectura\server\bin\server.js:7:5)
    at Module._compile (internal/modules/cjs/loader.js:738:30)
    at Object.Module._extensions..js (internal/modules/cjs/loader.js:749:10)
    at Module.load (internal/modules/cjs/loader.js:630:32)
    at tryModuleLoad (internal/modules/cjs/loader.js:570:12)
    at Function.Module._load (internal/modules/cjs/loader.js:562:3)
    at Function.Module.runMain (internal/modules/cjs/loader.js:801:12)
    at internal/main/run_main_module.js:21:11
Emitted 'error' event at:
    at emitErrorNT (net.js:1283:8)
    at processTicksAndRejections (internal/process/next_tick.js:76:17)
    at process.runNextTicks [as _tickCallback] (internal/process/next_tick.js:51:3)
    at Function.Module.runMain (internal/modules/cjs/loader.js:804:11)
    at internal/main/run_main_module.js:21:11
C:\Users\6001290\Desktop\jobs\pipeline_app_lectura\server\node_modules\node-windows\lib\wrapper.js:177
    child.send('shutdown');
          ^

TypeError: Cannot read property 'send' of null
    at process.killkid (C:\Users\6001290\Desktop\jobs\pipeline_app_lectura\server\node_modules\node-windows\lib\wrapper.js:177:11)
    at process.emit (events.js:197:13)
    at process.exit (internal/process/per_thread.js:150:15)
    at monitor (C:\Users\6001290\Desktop\jobs\pipeline_app_lectura\server\node_modules\node-windows\lib\wrapper.js:99:17)
    at ChildProcess.<anonymous> (C:\Users\6001290\Desktop\jobs\pipeline_app_lectura\server\node_modules\node-windows\lib\wrapper.js:170:5)
    at ChildProcess.emit (events.js:197:13)
    at Process.ChildProcess._handle.onexit (internal/child_process.js:254:12)
events.js:173
      throw er; // Unhandled 'error' event
      ^

Error: listen EADDRINUSE: address already in use :::3000
    at Server.setupListenHandle [as _listen2] (net.js:1256:14)
    at listenInCluster (net.js:1304:12)
    at Server.listen (net.js:1392:7)
    at Function.listen (C:\Users\6001290\Desktop\jobs\pipeline_app_lectura\server\node_modules\express\lib\application.js:618:24)
    at Object.<anonymous> (C:\Users\6001290\Desktop\jobs\pipeline_app_lectura\server\bin\server.js:7:5)
    at Module._compile (internal/modules/cjs/loader.js:738:30)
    at Object.Module._extensions..js (internal/modules/cjs/loader.js:749:10)
    at Module.load (internal/modules/cjs/loader.js:630:32)
    at tryModuleLoad (internal/modules/cjs/loader.js:570:12)
    at Function.Module._load (internal/modules/cjs/loader.js:562:3)
    at Function.Module.runMain (internal/modules/cjs/loader.js:801:12)
    at internal/main/run_main_module.js:21:11
Emitted 'error' event at:
    at emitErrorNT (net.js:1283:8)
    at processTicksAndRejections (internal/process/next_tick.js:76:17)
    at process.runNextTicks [as _tickCallback] (internal/process/next_tick.js:51:3)
    at Function.Module.runMain (internal/modules/cjs/loader.js:804:11)
    at internal/main/run_main_module.js:21:11
events.js:173
      throw er; // Unhandled 'error' event
      ^

Error: listen EADDRINUSE: address already in use :::3000
    at Server.setupListenHandle [as _listen2] (net.js:1256:14)
    at listenInCluster (net.js:1304:12)
    at Server.listen (net.js:1392:7)
    at Function.listen (C:\Users\6001290\Desktop\jobs\pipeline_app_lectura\server\node_modules\express\lib\application.js:618:24)
    at Object.<anonymous> (C:\Users\6001290\Desktop\jobs\pipeline_app_lectura\server\bin\server.js:7:5)
    at Module._compile (internal/modules/cjs/loader.js:738:30)
    at Object.Module._extensions..js (internal/modules/cjs/loader.js:749:10)
    at Module.load (internal/modules/cjs/loader.js:630:32)
    at tryModuleLoad (internal/modules/cjs/loader.js:570:12)
    at Function.Module._load (internal/modules/cjs/loader.js:562:3)
    at Function.Module.runMain (internal/modules/cjs/loader.js:801:12)
    at internal/main/run_main_module.js:21:11
Emitted 'error' event at:
    at emitErrorNT (net.js:1283:8)
    at processTicksAndRejections (internal/process/next_tick.js:76:17)
    at process.runNextTicks [as _tickCallback] (internal/process/next_tick.js:51:3)
    at Function.Module.runMain (internal/modules/cjs/loader.js:804:11)
    at internal/main/run_main_module.js:21:11
events.js:173
      throw er; // Unhandled 'error' event
      ^

Error: listen EADDRINUSE: address already in use :::3000
    at Server.setupListenHandle [as _listen2] (net.js:1256:14)
    at listenInCluster (net.js:1304:12)
    at Server.listen (net.js:1392:7)
    at Function.listen (C:\Users\6001290\Desktop\jobs\pipeline_app_lectura\server\node_modules\express\lib\application.js:618:24)
    at Object.<anonymous> (C:\Users\6001290\Desktop\jobs\pipeline_app_lectura\server\bin\server.js:7:5)
    at Module._compile (internal/modules/cjs/loader.js:738:30)
    at Object.Module._extensions..js (internal/modules/cjs/loader.js:749:10)
    at Module.load (internal/modules/cjs/loader.js:630:32)
    at tryModuleLoad (internal/modules/cjs/loader.js:570:12)
    at Function.Module._load (internal/modules/cjs/loader.js:562:3)
    at Function.Module.runMain (internal/modules/cjs/loader.js:801:12)
    at internal/main/run_main_module.js:21:11
Emitted 'error' event at:
    at emitErrorNT (net.js:1283:8)
    at processTicksAndRejections (internal/process/next_tick.js:76:17)
    at process.runNextTicks [as _tickCallback] (internal/process/next_tick.js:51:3)
    at Function.Module.runMain (internal/modules/cjs/loader.js:804:11)
    at internal/main/run_main_module.js:21:11
C:\Users\6001290\Desktop\jobs\pipeline_app_lectura\server\node_modules\node-windows\lib\wrapper.js:177
    child.send('shutdown');
          ^

TypeError: Cannot read property 'send' of null
    at process.killkid (C:\Users\6001290\Desktop\jobs\pipeline_app_lectura\server\node_modules\node-windows\lib\wrapper.js:177:11)
    at process.emit (events.js:197:13)
    at process.exit (internal/process/per_thread.js:150:15)
    at monitor (C:\Users\6001290\Desktop\jobs\pipeline_app_lectura\server\node_modules\node-windows\lib\wrapper.js:99:17)
    at ChildProcess.<anonymous> (C:\Users\6001290\Desktop\jobs\pipeline_app_lectura\server\node_modules\node-windows\lib\wrapper.js:170:5)
    at ChildProcess.emit (events.js:197:13)
    at Process.ChildProcess._handle.onexit (internal/child_process.js:254:12)
events.js:173
      throw er; // Unhandled 'error' event
      ^

Error: listen EADDRINUSE: address already in use :::3000
    at Server.setupListenHandle [as _listen2] (net.js:1256:14)
    at listenInCluster (net.js:1304:12)
    at Server.listen (net.js:1392:7)
    at Function.listen (C:\Users\6001290\Desktop\jobs\pipeline_app_lectura\server\node_modules\express\lib\application.js:618:24)
    at Object.<anonymous> (C:\Users\6001290\Desktop\jobs\pipeline_app_lectura\server\bin\server.js:7:5)
    at Module._compile (internal/modules/cjs/loader.js:738:30)
    at Object.Module._extensions..js (internal/modules/cjs/loader.js:749:10)
    at Module.load (internal/modules/cjs/loader.js:630:32)
    at tryModuleLoad (internal/modules/cjs/loader.js:570:12)
    at Function.Module._load (internal/modules/cjs/loader.js:562:3)
    at Function.Module.runMain (internal/modules/cjs/loader.js:801:12)
    at internal/main/run_main_module.js:21:11
Emitted 'error' event at:
    at emitErrorNT (net.js:1283:8)
    at processTicksAndRejections (internal/process/next_tick.js:76:17)
    at process.runNextTicks [as _tickCallback] (internal/process/next_tick.js:51:3)
    at Function.Module.runMain (internal/modules/cjs/loader.js:804:11)
    at internal/main/run_main_module.js:21:11
events.js:173
      throw er; // Unhandled 'error' event
      ^

Error: listen EADDRINUSE: address already in use :::3000
    at Server.setupListenHandle [as _listen2] (net.js:1256:14)
    at listenInCluster (net.js:1304:12)
    at Server.listen (net.js:1392:7)
    at Function.listen (C:\Users\6001290\Desktop\jobs\pipeline_app_lectura\server\node_modules\express\lib\application.js:618:24)
    at Object.<anonymous> (C:\Users\6001290\Desktop\jobs\pipeline_app_lectura\server\bin\server.js:7:5)
    at Module._compile (internal/modules/cjs/loader.js:738:30)
    at Object.Module._extensions..js (internal/modules/cjs/loader.js:749:10)
    at Module.load (internal/modules/cjs/loader.js:630:32)
    at tryModuleLoad (internal/modules/cjs/loader.js:570:12)
    at Function.Module._load (internal/modules/cjs/loader.js:562:3)
    at Function.Module.runMain (internal/modules/cjs/loader.js:801:12)
    at internal/main/run_main_module.js:21:11
Emitted 'error' event at:
    at emitErrorNT (net.js:1283:8)
    at processTicksAndRejections (internal/process/next_tick.js:76:17)
    at process.runNextTicks [as _tickCallback] (internal/process/next_tick.js:51:3)
    at Function.Module.runMain (internal/modules/cjs/loader.js:804:11)
    at internal/main/run_main_module.js:21:11
events.js:173
      throw er; // Unhandled 'error' event
      ^

Error: listen EADDRINUSE: address already in use :::3000
    at Server.setupListenHandle [as _listen2] (net.js:1256:14)
    at listenInCluster (net.js:1304:12)
    at Server.listen (net.js:1392:7)
    at Function.listen (C:\Users\6001290\Desktop\jobs\pipeline_app_lectura\server\node_modules\express\lib\application.js:618:24)
    at Object.<anonymous> (C:\Users\6001290\Desktop\jobs\pipeline_app_lectura\server\bin\server.js:7:5)
    at Module._compile (internal/modules/cjs/loader.js:738:30)
    at Object.Module._extensions..js (internal/modules/cjs/loader.js:749:10)
    at Module.load (internal/modules/cjs/loader.js:630:32)
    at tryModuleLoad (internal/modules/cjs/loader.js:570:12)
    at Function.Module._load (internal/modules/cjs/loader.js:562:3)
    at Function.Module.runMain (internal/modules/cjs/loader.js:801:12)
    at internal/main/run_main_module.js:21:11
Emitted 'error' event at:
    at emitErrorNT (net.js:1283:8)
    at processTicksAndRejections (internal/process/next_tick.js:76:17)
    at process.runNextTicks [as _tickCallback] (internal/process/next_tick.js:51:3)
    at Function.Module.runMain (internal/modules/cjs/loader.js:804:11)
    at internal/main/run_main_module.js:21:11
C:\Users\6001290\Desktop\jobs\pipeline_app_lectura\server\node_modules\node-windows\lib\wrapper.js:177
    child.send('shutdown');
          ^

TypeError: Cannot read property 'send' of null
    at process.killkid (C:\Users\6001290\Desktop\jobs\pipeline_app_lectura\server\node_modules\node-windows\lib\wrapper.js:177:11)
    at process.emit (events.js:197:13)
    at process.exit (internal/process/per_thread.js:150:15)
    at monitor (C:\Users\6001290\Desktop\jobs\pipeline_app_lectura\server\node_modules\node-windows\lib\wrapper.js:99:17)
    at ChildProcess.<anonymous> (C:\Users\6001290\Desktop\jobs\pipeline_app_lectura\server\node_modules\node-windows\lib\wrapper.js:170:5)
    at ChildProcess.emit (events.js:197:13)
    at Process.ChildProcess._handle.onexit (internal/child_process.js:254:12)
events.js:173
      throw er; // Unhandled 'error' event
      ^

Error: listen EADDRINUSE: address already in use :::3000
    at Server.setupListenHandle [as _listen2] (net.js:1256:14)
    at listenInCluster (net.js:1304:12)
    at Server.listen (net.js:1392:7)
    at Function.listen (C:\Users\6001290\Desktop\jobs\pipeline_app_lectura\server\node_modules\express\lib\application.js:618:24)
    at Object.<anonymous> (C:\Users\6001290\Desktop\jobs\pipeline_app_lectura\server\bin\server.js:7:5)
    at Module._compile (internal/modules/cjs/loader.js:738:30)
    at Object.Module._extensions..js (internal/modules/cjs/loader.js:749:10)
    at Module.load (internal/modules/cjs/loader.js:630:32)
    at tryModuleLoad (internal/modules/cjs/loader.js:570:12)
    at Function.Module._load (internal/modules/cjs/loader.js:562:3)
    at Function.Module.runMain (internal/modules/cjs/loader.js:801:12)
    at internal/main/run_main_module.js:21:11
Emitted 'error' event at:
    at emitErrorNT (net.js:1283:8)
    at processTicksAndRejections (internal/process/next_tick.js:76:17)
    at process.runNextTicks [as _tickCallback] (internal/process/next_tick.js:51:3)
    at Function.Module.runMain (internal/modules/cjs/loader.js:804:11)
    at internal/main/run_main_module.js:21:11
events.js:173
      throw er; // Unhandled 'error' event
      ^

Error: listen EADDRINUSE: address already in use :::3000
    at Server.setupListenHandle [as _listen2] (net.js:1256:14)
    at listenInCluster (net.js:1304:12)
    at Server.listen (net.js:1392:7)
    at Function.listen (C:\Users\6001290\Desktop\jobs\pipeline_app_lectura\server\node_modules\express\lib\application.js:618:24)
    at Object.<anonymous> (C:\Users\6001290\Desktop\jobs\pipeline_app_lectura\server\bin\server.js:7:5)
    at Module._compile (internal/modules/cjs/loader.js:738:30)
    at Object.Module._extensions..js (internal/modules/cjs/loader.js:749:10)
    at Module.load (internal/modules/cjs/loader.js:630:32)
    at tryModuleLoad (internal/modules/cjs/loader.js:570:12)
    at Function.Module._load (internal/modules/cjs/loader.js:562:3)
    at Function.Module.runMain (internal/modules/cjs/loader.js:801:12)
    at internal/main/run_main_module.js:21:11
Emitted 'error' event at:
    at emitErrorNT (net.js:1283:8)
    at processTicksAndRejections (internal/process/next_tick.js:76:17)
    at process.runNextTicks [as _tickCallback] (internal/process/next_tick.js:51:3)
    at Function.Module.runMain (internal/modules/cjs/loader.js:804:11)
    at internal/main/run_main_module.js:21:11
events.js:173
      throw er; // Unhandled 'error' event
      ^

Error: listen EADDRINUSE: address already in use :::3000
    at Server.setupListenHandle [as _listen2] (net.js:1256:14)
    at listenInCluster (net.js:1304:12)
    at Server.listen (net.js:1392:7)
    at Function.listen (C:\Users\6001290\Desktop\jobs\pipeline_app_lectura\server\node_modules\express\lib\application.js:618:24)
    at Object.<anonymous> (C:\Users\6001290\Desktop\jobs\pipeline_app_lectura\server\bin\server.js:7:5)
    at Module._compile (internal/modules/cjs/loader.js:738:30)
    at Object.Module._extensions..js (internal/modules/cjs/loader.js:749:10)
    at Module.load (internal/modules/cjs/loader.js:630:32)
    at tryModuleLoad (internal/modules/cjs/loader.js:570:12)
    at Function.Module._load (internal/modules/cjs/loader.js:562:3)
    at Function.Module.runMain (internal/modules/cjs/loader.js:801:12)
    at internal/main/run_main_module.js:21:11
Emitted 'error' event at:
    at emitErrorNT (net.js:1283:8)
    at processTicksAndRejections (internal/process/next_tick.js:76:17)
    at process.runNextTicks [as _tickCallback] (internal/process/next_tick.js:51:3)
    at Function.Module.runMain (internal/modules/cjs/loader.js:804:11)
    at internal/main/run_main_module.js:21:11
C:\Users\6001290\Desktop\jobs\pipeline_app_lectura\server\node_modules\node-windows\lib\wrapper.js:177
    child.send('shutdown');
          ^

TypeError: Cannot read property 'send' of null
    at process.killkid (C:\Users\6001290\Desktop\jobs\pipeline_app_lectura\server\node_modules\node-windows\lib\wrapper.js:177:11)
    at process.emit (events.js:197:13)
    at process.exit (internal/process/per_thread.js:150:15)
    at monitor (C:\Users\6001290\Desktop\jobs\pipeline_app_lectura\server\node_modules\node-windows\lib\wrapper.js:99:17)
    at ChildProcess.<anonymous> (C:\Users\6001290\Desktop\jobs\pipeline_app_lectura\server\node_modules\node-windows\lib\wrapper.js:170:5)
    at ChildProcess.emit (events.js:197:13)
    at Process.ChildProcess._handle.onexit (internal/child_process.js:254:12)
events.js:173
      throw er; // Unhandled 'error' event
      ^

Error: listen EADDRINUSE: address already in use :::3000
    at Server.setupListenHandle [as _listen2] (net.js:1256:14)
    at listenInCluster (net.js:1304:12)
    at Server.listen (net.js:1392:7)
    at Function.listen (C:\Users\6001290\Desktop\jobs\pipeline_app_lectura\server\node_modules\express\lib\application.js:618:24)
    at Object.<anonymous> (C:\Users\6001290\Desktop\jobs\pipeline_app_lectura\server\bin\server.js:7:5)
    at Module._compile (internal/modules/cjs/loader.js:738:30)
    at Object.Module._extensions..js (internal/modules/cjs/loader.js:749:10)
    at Module.load (internal/modules/cjs/loader.js:630:32)
    at tryModuleLoad (internal/modules/cjs/loader.js:570:12)
    at Function.Module._load (internal/modules/cjs/loader.js:562:3)
    at Function.Module.runMain (internal/modules/cjs/loader.js:801:12)
    at internal/main/run_main_module.js:21:11
Emitted 'error' event at:
    at emitErrorNT (net.js:1283:8)
    at processTicksAndRejections (internal/process/next_tick.js:76:17)
    at process.runNextTicks [as _tickCallback] (internal/process/next_tick.js:51:3)
    at Function.Module.runMain (internal/modules/cjs/loader.js:804:11)
    at internal/main/run_main_module.js:21:11
events.js:173
      throw er; // Unhandled 'error' event
      ^

Error: listen EADDRINUSE: address already in use :::3000
    at Server.setupListenHandle [as _listen2] (net.js:1256:14)
    at listenInCluster (net.js:1304:12)
    at Server.listen (net.js:1392:7)
    at Function.listen (C:\Users\6001290\Desktop\jobs\pipeline_app_lectura\server\node_modules\express\lib\application.js:618:24)
    at Object.<anonymous> (C:\Users\6001290\Desktop\jobs\pipeline_app_lectura\server\bin\server.js:7:5)
    at Module._compile (internal/modules/cjs/loader.js:738:30)
    at Object.Module._extensions..js (internal/modules/cjs/loader.js:749:10)
    at Module.load (internal/modules/cjs/loader.js:630:32)
    at tryModuleLoad (internal/modules/cjs/loader.js:570:12)
    at Function.Module._load (internal/modules/cjs/loader.js:562:3)
    at Function.Module.runMain (internal/modules/cjs/loader.js:801:12)
    at internal/main/run_main_module.js:21:11
Emitted 'error' event at:
    at emitErrorNT (net.js:1283:8)
    at processTicksAndRejections (internal/process/next_tick.js:76:17)
    at process.runNextTicks [as _tickCallback] (internal/process/next_tick.js:51:3)
    at Function.Module.runMain (internal/modules/cjs/loader.js:804:11)
    at internal/main/run_main_module.js:21:11
events.js:173
      throw er; // Unhandled 'error' event
      ^

Error: listen EADDRINUSE: address already in use :::3000
    at Server.setupListenHandle [as _listen2] (net.js:1256:14)
    at listenInCluster (net.js:1304:12)
    at Server.listen (net.js:1392:7)
    at Function.listen (C:\Users\6001290\Desktop\jobs\pipeline_app_lectura\server\node_modules\express\lib\application.js:618:24)
    at Object.<anonymous> (C:\Users\6001290\Desktop\jobs\pipeline_app_lectura\server\bin\server.js:7:5)
    at Module._compile (internal/modules/cjs/loader.js:738:30)
    at Object.Module._extensions..js (internal/modules/cjs/loader.js:749:10)
    at Module.load (internal/modules/cjs/loader.js:630:32)
    at tryModuleLoad (internal/modules/cjs/loader.js:570:12)
    at Function.Module._load (internal/modules/cjs/loader.js:562:3)
    at Function.Module.runMain (internal/modules/cjs/loader.js:801:12)
    at internal/main/run_main_module.js:21:11
Emitted 'error' event at:
    at emitErrorNT (net.js:1283:8)
    at processTicksAndRejections (internal/process/next_tick.js:76:17)
    at process.runNextTicks [as _tickCallback] (internal/process/next_tick.js:51:3)
    at Function.Module.runMain (internal/modules/cjs/loader.js:804:11)
    at internal/main/run_main_module.js:21:11
C:\Users\6001290\Desktop\jobs\pipeline_app_lectura\server\node_modules\node-windows\lib\wrapper.js:177
    child.send('shutdown');
          ^

TypeError: Cannot read property 'send' of null
    at process.killkid (C:\Users\6001290\Desktop\jobs\pipeline_app_lectura\server\node_modules\node-windows\lib\wrapper.js:177:11)
    at process.emit (events.js:197:13)
    at process.exit (internal/process/per_thread.js:150:15)
    at monitor (C:\Users\6001290\Desktop\jobs\pipeline_app_lectura\server\node_modules\node-windows\lib\wrapper.js:99:17)
    at ChildProcess.<anonymous> (C:\Users\6001290\Desktop\jobs\pipeline_app_lectura\server\node_modules\node-windows\lib\wrapper.js:170:5)
    at ChildProcess.emit (events.js:197:13)
    at Process.ChildProcess._handle.onexit (internal/child_process.js:254:12)
events.js:173
      throw er; // Unhandled 'error' event
      ^

Error: listen EADDRINUSE: address already in use :::3000
    at Server.setupListenHandle [as _listen2] (net.js:1256:14)
    at listenInCluster (net.js:1304:12)
    at Server.listen (net.js:1392:7)
    at Function.listen (C:\Users\6001290\Desktop\jobs\pipeline_app_lectura\server\node_modules\express\lib\application.js:618:24)
    at Object.<anonymous> (C:\Users\6001290\Desktop\jobs\pipeline_app_lectura\server\bin\server.js:7:5)
    at Module._compile (internal/modules/cjs/loader.js:738:30)
    at Object.Module._extensions..js (internal/modules/cjs/loader.js:749:10)
    at Module.load (internal/modules/cjs/loader.js:630:32)
    at tryModuleLoad (internal/modules/cjs/loader.js:570:12)
    at Function.Module._load (internal/modules/cjs/loader.js:562:3)
    at Function.Module.runMain (internal/modules/cjs/loader.js:801:12)
    at internal/main/run_main_module.js:21:11
Emitted 'error' event at:
    at emitErrorNT (net.js:1283:8)
    at processTicksAndRejections (internal/process/next_tick.js:76:17)
    at process.runNextTicks [as _tickCallback] (internal/process/next_tick.js:51:3)
    at Function.Module.runMain (internal/modules/cjs/loader.js:804:11)
    at internal/main/run_main_module.js:21:11
events.js:173
      throw er; // Unhandled 'error' event
      ^

Error: listen EADDRINUSE: address already in use :::3000
    at Server.setupListenHandle [as _listen2] (net.js:1256:14)
    at listenInCluster (net.js:1304:12)
    at Server.listen (net.js:1392:7)
    at Function.listen (C:\Users\6001290\Desktop\jobs\pipeline_app_lectura\server\node_modules\express\lib\application.js:618:24)
    at Object.<anonymous> (C:\Users\6001290\Desktop\jobs\pipeline_app_lectura\server\bin\server.js:7:5)
    at Module._compile (internal/modules/cjs/loader.js:738:30)
    at Object.Module._extensions..js (internal/modules/cjs/loader.js:749:10)
    at Module.load (internal/modules/cjs/loader.js:630:32)
    at tryModuleLoad (internal/modules/cjs/loader.js:570:12)
    at Function.Module._load (internal/modules/cjs/loader.js:562:3)
    at Function.Module.runMain (internal/modules/cjs/loader.js:801:12)
    at internal/main/run_main_module.js:21:11
Emitted 'error' event at:
    at emitErrorNT (net.js:1283:8)
    at processTicksAndRejections (internal/process/next_tick.js:76:17)
    at process.runNextTicks [as _tickCallback] (internal/process/next_tick.js:51:3)
    at Function.Module.runMain (internal/modules/cjs/loader.js:804:11)
    at internal/main/run_main_module.js:21:11
events.js:173
      throw er; // Unhandled 'error' event
      ^

Error: listen EADDRINUSE: address already in use :::3000
    at Server.setupListenHandle [as _listen2] (net.js:1256:14)
    at listenInCluster (net.js:1304:12)
    at Server.listen (net.js:1392:7)
    at Function.listen (C:\Users\6001290\Desktop\jobs\pipeline_app_lectura\server\node_modules\express\lib\application.js:618:24)
    at Object.<anonymous> (C:\Users\6001290\Desktop\jobs\pipeline_app_lectura\server\bin\server.js:7:5)
    at Module._compile (internal/modules/cjs/loader.js:738:30)
    at Object.Module._extensions..js (internal/modules/cjs/loader.js:749:10)
    at Module.load (internal/modules/cjs/loader.js:630:32)
    at tryModuleLoad (internal/modules/cjs/loader.js:570:12)
    at Function.Module._load (internal/modules/cjs/loader.js:562:3)
    at Function.Module.runMain (internal/modules/cjs/loader.js:801:12)
    at internal/main/run_main_module.js:21:11
Emitted 'error' event at:
    at emitErrorNT (net.js:1283:8)
    at processTicksAndRejections (internal/process/next_tick.js:76:17)
    at process.runNextTicks [as _tickCallback] (internal/process/next_tick.js:51:3)
    at Function.Module.runMain (internal/modules/cjs/loader.js:804:11)
    at internal/main/run_main_module.js:21:11
C:\Users\6001290\Desktop\jobs\pipeline_app_lectura\server\node_modules\node-windows\lib\wrapper.js:177
    child.send('shutdown');
          ^

TypeError: Cannot read property 'send' of null
    at process.killkid (C:\Users\6001290\Desktop\jobs\pipeline_app_lectura\server\node_modules\node-windows\lib\wrapper.js:177:11)
    at process.emit (events.js:197:13)
    at process.exit (internal/process/per_thread.js:150:15)
    at monitor (C:\Users\6001290\Desktop\jobs\pipeline_app_lectura\server\node_modules\node-windows\lib\wrapper.js:99:17)
    at ChildProcess.<anonymous> (C:\Users\6001290\Desktop\jobs\pipeline_app_lectura\server\node_modules\node-windows\lib\wrapper.js:170:5)
    at ChildProcess.emit (events.js:197:13)
    at Process.ChildProcess._handle.onexit (internal/child_process.js:254:12)
events.js:173
      throw er; // Unhandled 'error' event
      ^

Error: listen EADDRINUSE: address already in use :::3000
    at Server.setupListenHandle [as _listen2] (net.js:1256:14)
    at listenInCluster (net.js:1304:12)
    at Server.listen (net.js:1392:7)
    at Function.listen (C:\Users\6001290\Desktop\jobs\pipeline_app_lectura\server\node_modules\express\lib\application.js:618:24)
    at Object.<anonymous> (C:\Users\6001290\Desktop\jobs\pipeline_app_lectura\server\bin\server.js:7:5)
    at Module._compile (internal/modules/cjs/loader.js:738:30)
    at Object.Module._extensions..js (internal/modules/cjs/loader.js:749:10)
    at Module.load (internal/modules/cjs/loader.js:630:32)
    at tryModuleLoad (internal/modules/cjs/loader.js:570:12)
    at Function.Module._load (internal/modules/cjs/loader.js:562:3)
    at Function.Module.runMain (internal/modules/cjs/loader.js:801:12)
    at internal/main/run_main_module.js:21:11
Emitted 'error' event at:
    at emitErrorNT (net.js:1283:8)
    at processTicksAndRejections (internal/process/next_tick.js:76:17)
    at process.runNextTicks [as _tickCallback] (internal/process/next_tick.js:51:3)
    at Function.Module.runMain (internal/modules/cjs/loader.js:804:11)
    at internal/main/run_main_module.js:21:11
events.js:173
      throw er; // Unhandled 'error' event
      ^

Error: listen EADDRINUSE: address already in use :::3000
    at Server.setupListenHandle [as _listen2] (net.js:1256:14)
    at listenInCluster (net.js:1304:12)
    at Server.listen (net.js:1392:7)
    at Function.listen (C:\Users\6001290\Desktop\jobs\pipeline_app_lectura\server\node_modules\express\lib\application.js:618:24)
    at Object.<anonymous> (C:\Users\6001290\Desktop\jobs\pipeline_app_lectura\server\bin\server.js:7:5)
    at Module._compile (internal/modules/cjs/loader.js:738:30)
    at Object.Module._extensions..js (internal/modules/cjs/loader.js:749:10)
    at Module.load (internal/modules/cjs/loader.js:630:32)
    at tryModuleLoad (internal/modules/cjs/loader.js:570:12)
    at Function.Module._load (internal/modules/cjs/loader.js:562:3)
    at Function.Module.runMain (internal/modules/cjs/loader.js:801:12)
    at internal/main/run_main_module.js:21:11
Emitted 'error' event at:
    at emitErrorNT (net.js:1283:8)
    at processTicksAndRejections (internal/process/next_tick.js:76:17)
    at process.runNextTicks [as _tickCallback] (internal/process/next_tick.js:51:3)
    at Function.Module.runMain (internal/modules/cjs/loader.js:804:11)
    at internal/main/run_main_module.js:21:11
events.js:173
      throw er; // Unhandled 'error' event
      ^

Error: listen EADDRINUSE: address already in use :::3000
    at Server.setupListenHandle [as _listen2] (net.js:1256:14)
    at listenInCluster (net.js:1304:12)
    at Server.listen (net.js:1392:7)
    at Function.listen (C:\Users\6001290\Desktop\jobs\pipeline_app_lectura\server\node_modules\express\lib\application.js:618:24)
    at Object.<anonymous> (C:\Users\6001290\Desktop\jobs\pipeline_app_lectura\server\bin\server.js:7:5)
    at Module._compile (internal/modules/cjs/loader.js:738:30)
    at Object.Module._extensions..js (internal/modules/cjs/loader.js:749:10)
    at Module.load (internal/modules/cjs/loader.js:630:32)
    at tryModuleLoad (internal/modules/cjs/loader.js:570:12)
    at Function.Module._load (internal/modules/cjs/loader.js:562:3)
    at Function.Module.runMain (internal/modules/cjs/loader.js:801:12)
    at internal/main/run_main_module.js:21:11
Emitted 'error' event at:
    at emitErrorNT (net.js:1283:8)
    at processTicksAndRejections (internal/process/next_tick.js:76:17)
    at process.runNextTicks [as _tickCallback] (internal/process/next_tick.js:51:3)
    at Function.Module.runMain (internal/modules/cjs/loader.js:804:11)
    at internal/main/run_main_module.js:21:11
C:\Users\6001290\Desktop\jobs\pipeline_app_lectura\server\node_modules\node-windows\lib\wrapper.js:177
    child.send('shutdown');
          ^

TypeError: Cannot read property 'send' of null
    at process.killkid (C:\Users\6001290\Desktop\jobs\pipeline_app_lectura\server\node_modules\node-windows\lib\wrapper.js:177:11)
    at process.emit (events.js:197:13)
    at process.exit (internal/process/per_thread.js:150:15)
    at monitor (C:\Users\6001290\Desktop\jobs\pipeline_app_lectura\server\node_modules\node-windows\lib\wrapper.js:99:17)
    at ChildProcess.<anonymous> (C:\Users\6001290\Desktop\jobs\pipeline_app_lectura\server\node_modules\node-windows\lib\wrapper.js:170:5)
    at ChildProcess.emit (events.js:197:13)
    at Process.ChildProcess._handle.onexit (internal/child_process.js:254:12)
Error [ERR_HTTP_HEADERS_SENT]: Cannot set headers after they are sent to the client
    at ServerResponse.setHeader (_http_outgoing.js:482:11)
    at ServerResponse.header (C:\Users\6001290\Desktop\jobs\pipeline_app_lectura\server\node_modules\express\lib\response.js:767:10)
    at ServerResponse.send (C:\Users\6001290\Desktop\jobs\pipeline_app_lectura\server\node_modules\express\lib\response.js:170:12)
    at C:\Users\6001290\Desktop\jobs\pipeline_app_lectura\server\routes\homeRouter.js:9:9
    at Layer.handle [as handle_request] (C:\Users\6001290\Desktop\jobs\pipeline_app_lectura\server\node_modules\express\lib\router\layer.js:95:5)
    at next (C:\Users\6001290\Desktop\jobs\pipeline_app_lectura\server\node_modules\express\lib\router\route.js:137:13)
    at Route.dispatch (C:\Users\6001290\Desktop\jobs\pipeline_app_lectura\server\node_modules\express\lib\router\route.js:112:3)
    at Layer.handle [as handle_request] (C:\Users\6001290\Desktop\jobs\pipeline_app_lectura\server\node_modules\express\lib\router\layer.js:95:5)
    at C:\Users\6001290\Desktop\jobs\pipeline_app_lectura\server\node_modules\express\lib\router\index.js:281:22
    at Function.process_params (C:\Users\6001290\Desktop\jobs\pipeline_app_lectura\server\node_modules\express\lib\router\index.js:335:12)
    at next (C:\Users\6001290\Desktop\jobs\pipeline_app_lectura\server\node_modules\express\lib\router\index.js:275:10)
    at Function.handle (C:\Users\6001290\Desktop\jobs\pipeline_app_lectura\server\node_modules\express\lib\router\index.js:174:3)
    at router (C:\Users\6001290\Desktop\jobs\pipeline_app_lectura\server\node_modules\express\lib\router\index.js:47:12)
    at Layer.handle [as handle_request] (C:\Users\6001290\Desktop\jobs\pipeline_app_lectura\server\node_modules\express\lib\router\layer.js:95:5)
    at trim_prefix (C:\Users\6001290\Desktop\jobs\pipeline_app_lectura\server\node_modules\express\lib\router\index.js:317:13)
    at C:\Users\6001290\Desktop\jobs\pipeline_app_lectura\server\node_modules\express\lib\router\index.js:284:7
    at Function.process_params (C:\Users\6001290\Desktop\jobs\pipeline_app_lectura\server\node_modules\express\lib\router\index.js:335:12)
    at next (C:\Users\6001290\Desktop\jobs\pipeline_app_lectura\server\node_modules\express\lib\router\index.js:275:10)
    at urlencodedParser (C:\Users\6001290\Desktop\jobs\pipeline_app_lectura\server\node_modules\body-parser\lib\types\urlencoded.js:91:7)
    at Layer.handle [as handle_request] (C:\Users\6001290\Desktop\jobs\pipeline_app_lectura\server\node_modules\express\lib\router\layer.js:95:5)
    at trim_prefix (C:\Users\6001290\Desktop\jobs\pipeline_app_lectura\server\node_modules\express\lib\router\index.js:317:13)
    at C:\Users\6001290\Desktop\jobs\pipeline_app_lectura\server\node_modules\express\lib\router\index.js:284:7
Error [ERR_HTTP_HEADERS_SENT]: Cannot set headers after they are sent to the client
    at ServerResponse.setHeader (_http_outgoing.js:482:11)
    at ServerResponse.header (C:\Users\6001290\Desktop\jobs\pipeline_app_lectura\server\node_modules\express\lib\response.js:767:10)
    at ServerResponse.send (C:\Users\6001290\Desktop\jobs\pipeline_app_lectura\server\node_modules\express\lib\response.js:170:12)
    at C:\Users\6001290\Desktop\jobs\pipeline_app_lectura\server\routes\homeRouter.js:9:9
    at Layer.handle [as handle_request] (C:\Users\6001290\Desktop\jobs\pipeline_app_lectura\server\node_modules\express\lib\router\layer.js:95:5)
    at next (C:\Users\6001290\Desktop\jobs\pipeline_app_lectura\server\node_modules\express\lib\router\route.js:137:13)
    at Route.dispatch (C:\Users\6001290\Desktop\jobs\pipeline_app_lectura\server\node_modules\express\lib\router\route.js:112:3)
    at Layer.handle [as handle_request] (C:\Users\6001290\Desktop\jobs\pipeline_app_lectura\server\node_modules\express\lib\router\layer.js:95:5)
    at C:\Users\6001290\Desktop\jobs\pipeline_app_lectura\server\node_modules\express\lib\router\index.js:281:22
    at Function.process_params (C:\Users\6001290\Desktop\jobs\pipeline_app_lectura\server\node_modules\express\lib\router\index.js:335:12)
    at next (C:\Users\6001290\Desktop\jobs\pipeline_app_lectura\server\node_modules\express\lib\router\index.js:275:10)
    at Function.handle (C:\Users\6001290\Desktop\jobs\pipeline_app_lectura\server\node_modules\express\lib\router\index.js:174:3)
    at router (C:\Users\6001290\Desktop\jobs\pipeline_app_lectura\server\node_modules\express\lib\router\index.js:47:12)
    at Layer.handle [as handle_request] (C:\Users\6001290\Desktop\jobs\pipeline_app_lectura\server\node_modules\express\lib\router\layer.js:95:5)
    at trim_prefix (C:\Users\6001290\Desktop\jobs\pipeline_app_lectura\server\node_modules\express\lib\router\index.js:317:13)
    at C:\Users\6001290\Desktop\jobs\pipeline_app_lectura\server\node_modules\express\lib\router\index.js:284:7
    at Function.process_params (C:\Users\6001290\Desktop\jobs\pipeline_app_lectura\server\node_modules\express\lib\router\index.js:335:12)
    at next (C:\Users\6001290\Desktop\jobs\pipeline_app_lectura\server\node_modules\express\lib\router\index.js:275:10)
    at urlencodedParser (C:\Users\6001290\Desktop\jobs\pipeline_app_lectura\server\node_modules\body-parser\lib\types\urlencoded.js:91:7)
    at Layer.handle [as handle_request] (C:\Users\6001290\Desktop\jobs\pipeline_app_lectura\server\node_modules\express\lib\router\layer.js:95:5)
    at trim_prefix (C:\Users\6001290\Desktop\jobs\pipeline_app_lectura\server\node_modules\express\lib\router\index.js:317:13)
    at C:\Users\6001290\Desktop\jobs\pipeline_app_lectura\server\node_modules\express\lib\router\index.js:284:7
Error [ERR_HTTP_HEADERS_SENT]: Cannot set headers after they are sent to the client
    at ServerResponse.setHeader (_http_outgoing.js:482:11)
    at ServerResponse.header (C:\Users\6001290\Desktop\jobs\pipeline_app_lectura\server\node_modules\express\lib\response.js:767:10)
    at ServerResponse.send (C:\Users\6001290\Desktop\jobs\pipeline_app_lectura\server\node_modules\express\lib\response.js:170:12)
    at C:\Users\6001290\Desktop\jobs\pipeline_app_lectura\server\routes\homeRouter.js:9:9
    at Layer.handle [as handle_request] (C:\Users\6001290\Desktop\jobs\pipeline_app_lectura\server\node_modules\express\lib\router\layer.js:95:5)
    at next (C:\Users\6001290\Desktop\jobs\pipeline_app_lectura\server\node_modules\express\lib\router\route.js:137:13)
    at Route.dispatch (C:\Users\6001290\Desktop\jobs\pipeline_app_lectura\server\node_modules\express\lib\router\route.js:112:3)
    at Layer.handle [as handle_request] (C:\Users\6001290\Desktop\jobs\pipeline_app_lectura\server\node_modules\express\lib\router\layer.js:95:5)
    at C:\Users\6001290\Desktop\jobs\pipeline_app_lectura\server\node_modules\express\lib\router\index.js:281:22
    at Function.process_params (C:\Users\6001290\Desktop\jobs\pipeline_app_lectura\server\node_modules\express\lib\router\index.js:335:12)
    at next (C:\Users\6001290\Desktop\jobs\pipeline_app_lectura\server\node_modules\express\lib\router\index.js:275:10)
    at Function.handle (C:\Users\6001290\Desktop\jobs\pipeline_app_lectura\server\node_modules\express\lib\router\index.js:174:3)
    at router (C:\Users\6001290\Desktop\jobs\pipeline_app_lectura\server\node_modules\express\lib\router\index.js:47:12)
    at Layer.handle [as handle_request] (C:\Users\6001290\Desktop\jobs\pipeline_app_lectura\server\node_modules\express\lib\router\layer.js:95:5)
    at trim_prefix (C:\Users\6001290\Desktop\jobs\pipeline_app_lectura\server\node_modules\express\lib\router\index.js:317:13)
    at C:\Users\6001290\Desktop\jobs\pipeline_app_lectura\server\node_modules\express\lib\router\index.js:284:7
    at Function.process_params (C:\Users\6001290\Desktop\jobs\pipeline_app_lectura\server\node_modules\express\lib\router\index.js:335:12)
    at next (C:\Users\6001290\Desktop\jobs\pipeline_app_lectura\server\node_modules\express\lib\router\index.js:275:10)
    at urlencodedParser (C:\Users\6001290\Desktop\jobs\pipeline_app_lectura\server\node_modules\body-parser\lib\types\urlencoded.js:91:7)
    at Layer.handle [as handle_request] (C:\Users\6001290\Desktop\jobs\pipeline_app_lectura\server\node_modules\express\lib\router\layer.js:95:5)
    at trim_prefix (C:\Users\6001290\Desktop\jobs\pipeline_app_lectura\server\node_modules\express\lib\router\index.js:317:13)
    at C:\Users\6001290\Desktop\jobs\pipeline_app_lectura\server\node_modules\express\lib\router\index.js:284:7
Error [ERR_HTTP_HEADERS_SENT]: Cannot set headers after they are sent to the client
    at ServerResponse.setHeader (_http_outgoing.js:482:11)
    at ServerResponse.header (C:\Users\6001290\Desktop\jobs\pipeline_app_lectura\server\node_modules\express\lib\response.js:767:10)
    at ServerResponse.send (C:\Users\6001290\Desktop\jobs\pipeline_app_lectura\server\node_modules\express\lib\response.js:170:12)
    at C:\Users\6001290\Desktop\jobs\pipeline_app_lectura\server\routes\homeRouter.js:9:9
    at Layer.handle [as handle_request] (C:\Users\6001290\Desktop\jobs\pipeline_app_lectura\server\node_modules\express\lib\router\layer.js:95:5)
    at next (C:\Users\6001290\Desktop\jobs\pipeline_app_lectura\server\node_modules\express\lib\router\route.js:137:13)
    at Route.dispatch (C:\Users\6001290\Desktop\jobs\pipeline_app_lectura\server\node_modules\express\lib\router\route.js:112:3)
    at Layer.handle [as handle_request] (C:\Users\6001290\Desktop\jobs\pipeline_app_lectura\server\node_modules\express\lib\router\layer.js:95:5)
    at C:\Users\6001290\Desktop\jobs\pipeline_app_lectura\server\node_modules\express\lib\router\index.js:281:22
    at Function.process_params (C:\Users\6001290\Desktop\jobs\pipeline_app_lectura\server\node_modules\express\lib\router\index.js:335:12)
    at next (C:\Users\6001290\Desktop\jobs\pipeline_app_lectura\server\node_modules\express\lib\router\index.js:275:10)
    at Function.handle (C:\Users\6001290\Desktop\jobs\pipeline_app_lectura\server\node_modules\express\lib\router\index.js:174:3)
    at router (C:\Users\6001290\Desktop\jobs\pipeline_app_lectura\server\node_modules\express\lib\router\index.js:47:12)
    at Layer.handle [as handle_request] (C:\Users\6001290\Desktop\jobs\pipeline_app_lectura\server\node_modules\express\lib\router\layer.js:95:5)
    at trim_prefix (C:\Users\6001290\Desktop\jobs\pipeline_app_lectura\server\node_modules\express\lib\router\index.js:317:13)
    at C:\Users\6001290\Desktop\jobs\pipeline_app_lectura\server\node_modules\express\lib\router\index.js:284:7
    at Function.process_params (C:\Users\6001290\Desktop\jobs\pipeline_app_lectura\server\node_modules\express\lib\router\index.js:335:12)
    at next (C:\Users\6001290\Desktop\jobs\pipeline_app_lectura\server\node_modules\express\lib\router\index.js:275:10)
    at urlencodedParser (C:\Users\6001290\Desktop\jobs\pipeline_app_lectura\server\node_modules\body-parser\lib\types\urlencoded.js:91:7)
    at Layer.handle [as handle_request] (C:\Users\6001290\Desktop\jobs\pipeline_app_lectura\server\node_modules\express\lib\router\layer.js:95:5)
    at trim_prefix (C:\Users\6001290\Desktop\jobs\pipeline_app_lectura\server\node_modules\express\lib\router\index.js:317:13)
    at C:\Users\6001290\Desktop\jobs\pipeline_app_lectura\server\node_modules\express\lib\router\index.js:284:7
Error [ERR_HTTP_HEADERS_SENT]: Cannot set headers after they are sent to the client
    at ServerResponse.setHeader (_http_outgoing.js:482:11)
    at ServerResponse.header (C:\Users\6001290\Desktop\jobs\pipeline_app_lectura\server\node_modules\express\lib\response.js:767:10)
    at ServerResponse.send (C:\Users\6001290\Desktop\jobs\pipeline_app_lectura\server\node_modules\express\lib\response.js:170:12)
    at C:\Users\6001290\Desktop\jobs\pipeline_app_lectura\server\routes\homeRouter.js:9:9
    at Layer.handle [as handle_request] (C:\Users\6001290\Desktop\jobs\pipeline_app_lectura\server\node_modules\express\lib\router\layer.js:95:5)
    at next (C:\Users\6001290\Desktop\jobs\pipeline_app_lectura\server\node_modules\express\lib\router\route.js:137:13)
    at Route.dispatch (C:\Users\6001290\Desktop\jobs\pipeline_app_lectura\server\node_modules\express\lib\router\route.js:112:3)
    at Layer.handle [as handle_request] (C:\Users\6001290\Desktop\jobs\pipeline_app_lectura\server\node_modules\express\lib\router\layer.js:95:5)
    at C:\Users\6001290\Desktop\jobs\pipeline_app_lectura\server\node_modules\express\lib\router\index.js:281:22
    at Function.process_params (C:\Users\6001290\Desktop\jobs\pipeline_app_lectura\server\node_modules\express\lib\router\index.js:335:12)
    at next (C:\Users\6001290\Desktop\jobs\pipeline_app_lectura\server\node_modules\express\lib\router\index.js:275:10)
    at Function.handle (C:\Users\6001290\Desktop\jobs\pipeline_app_lectura\server\node_modules\express\lib\router\index.js:174:3)
    at router (C:\Users\6001290\Desktop\jobs\pipeline_app_lectura\server\node_modules\express\lib\router\index.js:47:12)
    at Layer.handle [as handle_request] (C:\Users\6001290\Desktop\jobs\pipeline_app_lectura\server\node_modules\express\lib\router\layer.js:95:5)
    at trim_prefix (C:\Users\6001290\Desktop\jobs\pipeline_app_lectura\server\node_modules\express\lib\router\index.js:317:13)
    at C:\Users\6001290\Desktop\jobs\pipeline_app_lectura\server\node_modules\express\lib\router\index.js:284:7
    at Function.process_params (C:\Users\6001290\Desktop\jobs\pipeline_app_lectura\server\node_modules\express\lib\router\index.js:335:12)
    at next (C:\Users\6001290\Desktop\jobs\pipeline_app_lectura\server\node_modules\express\lib\router\index.js:275:10)
    at urlencodedParser (C:\Users\6001290\Desktop\jobs\pipeline_app_lectura\server\node_modules\body-parser\lib\types\urlencoded.js:91:7)
    at Layer.handle [as handle_request] (C:\Users\6001290\Desktop\jobs\pipeline_app_lectura\server\node_modules\express\lib\router\layer.js:95:5)
    at trim_prefix (C:\Users\6001290\Desktop\jobs\pipeline_app_lectura\server\node_modules\express\lib\router\index.js:317:13)
    at C:\Users\6001290\Desktop\jobs\pipeline_app_lectura\server\node_modules\express\lib\router\index.js:284:7
Error [ERR_HTTP_HEADERS_SENT]: Cannot set headers after they are sent to the client
    at ServerResponse.setHeader (_http_outgoing.js:482:11)
    at ServerResponse.header (C:\Users\6001290\Desktop\jobs\pipeline_app_lectura\server\node_modules\express\lib\response.js:767:10)
    at ServerResponse.send (C:\Users\6001290\Desktop\jobs\pipeline_app_lectura\server\node_modules\express\lib\response.js:170:12)
    at C:\Users\6001290\Desktop\jobs\pipeline_app_lectura\server\routes\homeRouter.js:9:9
    at Layer.handle [as handle_request] (C:\Users\6001290\Desktop\jobs\pipeline_app_lectura\server\node_modules\express\lib\router\layer.js:95:5)
    at next (C:\Users\6001290\Desktop\jobs\pipeline_app_lectura\server\node_modules\express\lib\router\route.js:137:13)
    at Route.dispatch (C:\Users\6001290\Desktop\jobs\pipeline_app_lectura\server\node_modules\express\lib\router\route.js:112:3)
    at Layer.handle [as handle_request] (C:\Users\6001290\Desktop\jobs\pipeline_app_lectura\server\node_modules\express\lib\router\layer.js:95:5)
    at C:\Users\6001290\Desktop\jobs\pipeline_app_lectura\server\node_modules\express\lib\router\index.js:281:22
    at Function.process_params (C:\Users\6001290\Desktop\jobs\pipeline_app_lectura\server\node_modules\express\lib\router\index.js:335:12)
    at next (C:\Users\6001290\Desktop\jobs\pipeline_app_lectura\server\node_modules\express\lib\router\index.js:275:10)
    at Function.handle (C:\Users\6001290\Desktop\jobs\pipeline_app_lectura\server\node_modules\express\lib\router\index.js:174:3)
    at router (C:\Users\6001290\Desktop\jobs\pipeline_app_lectura\server\node_modules\express\lib\router\index.js:47:12)
    at Layer.handle [as handle_request] (C:\Users\6001290\Desktop\jobs\pipeline_app_lectura\server\node_modules\express\lib\router\layer.js:95:5)
    at trim_prefix (C:\Users\6001290\Desktop\jobs\pipeline_app_lectura\server\node_modules\express\lib\router\index.js:317:13)
    at C:\Users\6001290\Desktop\jobs\pipeline_app_lectura\server\node_modules\express\lib\router\index.js:284:7
    at Function.process_params (C:\Users\6001290\Desktop\jobs\pipeline_app_lectura\server\node_modules\express\lib\router\index.js:335:12)
    at next (C:\Users\6001290\Desktop\jobs\pipeline_app_lectura\server\node_modules\express\lib\router\index.js:275:10)
    at urlencodedParser (C:\Users\6001290\Desktop\jobs\pipeline_app_lectura\server\node_modules\body-parser\lib\types\urlencoded.js:91:7)
    at Layer.handle [as handle_request] (C:\Users\6001290\Desktop\jobs\pipeline_app_lectura\server\node_modules\express\lib\router\layer.js:95:5)
    at trim_prefix (C:\Users\6001290\Desktop\jobs\pipeline_app_lectura\server\node_modules\express\lib\router\index.js:317:13)
    at C:\Users\6001290\Desktop\jobs\pipeline_app_lectura\server\node_modules\express\lib\router\index.js:284:7
Error [ERR_HTTP_HEADERS_SENT]: Cannot set headers after they are sent to the client
    at ServerResponse.setHeader (_http_outgoing.js:482:11)
    at ServerResponse.header (C:\Users\6001290\Desktop\jobs\pipeline_app_lectura\server\node_modules\express\lib\response.js:767:10)
    at ServerResponse.send (C:\Users\6001290\Desktop\jobs\pipeline_app_lectura\server\node_modules\express\lib\response.js:170:12)
    at C:\Users\6001290\Desktop\jobs\pipeline_app_lectura\server\routes\homeRouter.js:9:9
    at Layer.handle [as handle_request] (C:\Users\6001290\Desktop\jobs\pipeline_app_lectura\server\node_modules\express\lib\router\layer.js:95:5)
    at next (C:\Users\6001290\Desktop\jobs\pipeline_app_lectura\server\node_modules\express\lib\router\route.js:137:13)
    at Route.dispatch (C:\Users\6001290\Desktop\jobs\pipeline_app_lectura\server\node_modules\express\lib\router\route.js:112:3)
    at Layer.handle [as handle_request] (C:\Users\6001290\Desktop\jobs\pipeline_app_lectura\server\node_modules\express\lib\router\layer.js:95:5)
    at C:\Users\6001290\Desktop\jobs\pipeline_app_lectura\server\node_modules\express\lib\router\index.js:281:22
    at Function.process_params (C:\Users\6001290\Desktop\jobs\pipeline_app_lectura\server\node_modules\express\lib\router\index.js:335:12)
    at next (C:\Users\6001290\Desktop\jobs\pipeline_app_lectura\server\node_modules\express\lib\router\index.js:275:10)
    at Function.handle (C:\Users\6001290\Desktop\jobs\pipeline_app_lectura\server\node_modules\express\lib\router\index.js:174:3)
    at router (C:\Users\6001290\Desktop\jobs\pipeline_app_lectura\server\node_modules\express\lib\router\index.js:47:12)
    at Layer.handle [as handle_request] (C:\Users\6001290\Desktop\jobs\pipeline_app_lectura\server\node_modules\express\lib\router\layer.js:95:5)
    at trim_prefix (C:\Users\6001290\Desktop\jobs\pipeline_app_lectura\server\node_modules\express\lib\router\index.js:317:13)
    at C:\Users\6001290\Desktop\jobs\pipeline_app_lectura\server\node_modules\express\lib\router\index.js:284:7
    at Function.process_params (C:\Users\6001290\Desktop\jobs\pipeline_app_lectura\server\node_modules\express\lib\router\index.js:335:12)
    at next (C:\Users\6001290\Desktop\jobs\pipeline_app_lectura\server\node_modules\express\lib\router\index.js:275:10)
    at urlencodedParser (C:\Users\6001290\Desktop\jobs\pipeline_app_lectura\server\node_modules\body-parser\lib\types\urlencoded.js:91:7)
    at Layer.handle [as handle_request] (C:\Users\6001290\Desktop\jobs\pipeline_app_lectura\server\node_modules\express\lib\router\layer.js:95:5)
    at trim_prefix (C:\Users\6001290\Desktop\jobs\pipeline_app_lectura\server\node_modules\express\lib\router\index.js:317:13)
    at C:\Users\6001290\Desktop\jobs\pipeline_app_lectura\server\node_modules\express\lib\router\index.js:284:7
Error [ERR_HTTP_HEADERS_SENT]: Cannot set headers after they are sent to the client
    at ServerResponse.setHeader (_http_outgoing.js:482:11)
    at ServerResponse.header (C:\Users\6001290\Desktop\jobs\pipeline_app_lectura\server\node_modules\express\lib\response.js:767:10)
    at ServerResponse.send (C:\Users\6001290\Desktop\jobs\pipeline_app_lectura\server\node_modules\express\lib\response.js:170:12)
    at C:\Users\6001290\Desktop\jobs\pipeline_app_lectura\server\routes\homeRouter.js:9:9
    at Layer.handle [as handle_request] (C:\Users\6001290\Desktop\jobs\pipeline_app_lectura\server\node_modules\express\lib\router\layer.js:95:5)
    at next (C:\Users\6001290\Desktop\jobs\pipeline_app_lectura\server\node_modules\express\lib\router\route.js:137:13)
    at Route.dispatch (C:\Users\6001290\Desktop\jobs\pipeline_app_lectura\server\node_modules\express\lib\router\route.js:112:3)
    at Layer.handle [as handle_request] (C:\Users\6001290\Desktop\jobs\pipeline_app_lectura\server\node_modules\express\lib\router\layer.js:95:5)
    at C:\Users\6001290\Desktop\jobs\pipeline_app_lectura\server\node_modules\express\lib\router\index.js:281:22
    at Function.process_params (C:\Users\6001290\Desktop\jobs\pipeline_app_lectura\server\node_modules\express\lib\router\index.js:335:12)
    at next (C:\Users\6001290\Desktop\jobs\pipeline_app_lectura\server\node_modules\express\lib\router\index.js:275:10)
    at Function.handle (C:\Users\6001290\Desktop\jobs\pipeline_app_lectura\server\node_modules\express\lib\router\index.js:174:3)
    at router (C:\Users\6001290\Desktop\jobs\pipeline_app_lectura\server\node_modules\express\lib\router\index.js:47:12)
    at Layer.handle [as handle_request] (C:\Users\6001290\Desktop\jobs\pipeline_app_lectura\server\node_modules\express\lib\router\layer.js:95:5)
    at trim_prefix (C:\Users\6001290\Desktop\jobs\pipeline_app_lectura\server\node_modules\express\lib\router\index.js:317:13)
    at C:\Users\6001290\Desktop\jobs\pipeline_app_lectura\server\node_modules\express\lib\router\index.js:284:7
    at Function.process_params (C:\Users\6001290\Desktop\jobs\pipeline_app_lectura\server\node_modules\express\lib\router\index.js:335:12)
    at next (C:\Users\6001290\Desktop\jobs\pipeline_app_lectura\server\node_modules\express\lib\router\index.js:275:10)
    at urlencodedParser (C:\Users\6001290\Desktop\jobs\pipeline_app_lectura\server\node_modules\body-parser\lib\types\urlencoded.js:91:7)
    at Layer.handle [as handle_request] (C:\Users\6001290\Desktop\jobs\pipeline_app_lectura\server\node_modules\express\lib\router\layer.js:95:5)
    at trim_prefix (C:\Users\6001290\Desktop\jobs\pipeline_app_lectura\server\node_modules\express\lib\router\index.js:317:13)
    at C:\Users\6001290\Desktop\jobs\pipeline_app_lectura\server\node_modules\express\lib\router\index.js:284:7
Error [ERR_HTTP_HEADERS_SENT]: Cannot set headers after they are sent to the client
    at ServerResponse.setHeader (_http_outgoing.js:482:11)
    at ServerResponse.header (C:\Users\6001290\Desktop\jobs\pipeline_app_lectura\server\node_modules\express\lib\response.js:767:10)
    at ServerResponse.send (C:\Users\6001290\Desktop\jobs\pipeline_app_lectura\server\node_modules\express\lib\response.js:170:12)
    at C:\Users\6001290\Desktop\jobs\pipeline_app_lectura\server\routes\homeRouter.js:9:9
    at Layer.handle [as handle_request] (C:\Users\6001290\Desktop\jobs\pipeline_app_lectura\server\node_modules\express\lib\router\layer.js:95:5)
    at next (C:\Users\6001290\Desktop\jobs\pipeline_app_lectura\server\node_modules\express\lib\router\route.js:137:13)
    at Route.dispatch (C:\Users\6001290\Desktop\jobs\pipeline_app_lectura\server\node_modules\express\lib\router\route.js:112:3)
    at Layer.handle [as handle_request] (C:\Users\6001290\Desktop\jobs\pipeline_app_lectura\server\node_modules\express\lib\router\layer.js:95:5)
    at C:\Users\6001290\Desktop\jobs\pipeline_app_lectura\server\node_modules\express\lib\router\index.js:281:22
    at Function.process_params (C:\Users\6001290\Desktop\jobs\pipeline_app_lectura\server\node_modules\express\lib\router\index.js:335:12)
    at next (C:\Users\6001290\Desktop\jobs\pipeline_app_lectura\server\node_modules\express\lib\router\index.js:275:10)
    at Function.handle (C:\Users\6001290\Desktop\jobs\pipeline_app_lectura\server\node_modules\express\lib\router\index.js:174:3)
    at router (C:\Users\6001290\Desktop\jobs\pipeline_app_lectura\server\node_modules\express\lib\router\index.js:47:12)
    at Layer.handle [as handle_request] (C:\Users\6001290\Desktop\jobs\pipeline_app_lectura\server\node_modules\express\lib\router\layer.js:95:5)
    at trim_prefix (C:\Users\6001290\Desktop\jobs\pipeline_app_lectura\server\node_modules\express\lib\router\index.js:317:13)
    at C:\Users\6001290\Desktop\jobs\pipeline_app_lectura\server\node_modules\express\lib\router\index.js:284:7
    at Function.process_params (C:\Users\6001290\Desktop\jobs\pipeline_app_lectura\server\node_modules\express\lib\router\index.js:335:12)
    at next (C:\Users\6001290\Desktop\jobs\pipeline_app_lectura\server\node_modules\express\lib\router\index.js:275:10)
    at urlencodedParser (C:\Users\6001290\Desktop\jobs\pipeline_app_lectura\server\node_modules\body-parser\lib\types\urlencoded.js:91:7)
    at Layer.handle [as handle_request] (C:\Users\6001290\Desktop\jobs\pipeline_app_lectura\server\node_modules\express\lib\router\layer.js:95:5)
    at trim_prefix (C:\Users\6001290\Desktop\jobs\pipeline_app_lectura\server\node_modules\express\lib\router\index.js:317:13)
    at C:\Users\6001290\Desktop\jobs\pipeline_app_lectura\server\node_modules\express\lib\router\index.js:284:7
events.js:173
      throw er; // Unhandled 'error' event
      ^

Error: listen EADDRINUSE: address already in use :::3000
    at Server.setupListenHandle [as _listen2] (net.js:1256:14)
    at listenInCluster (net.js:1304:12)
    at Server.listen (net.js:1392:7)
    at Function.listen (C:\Users\6001290\Desktop\jobs\pipeline_app_lectura\server\node_modules\express\lib\application.js:618:24)
    at Object.<anonymous> (C:\Users\6001290\Desktop\jobs\pipeline_app_lectura\server\bin\server.js:7:5)
    at Module._compile (internal/modules/cjs/loader.js:738:30)
    at Object.Module._extensions..js (internal/modules/cjs/loader.js:749:10)
    at Module.load (internal/modules/cjs/loader.js:630:32)
    at tryModuleLoad (internal/modules/cjs/loader.js:570:12)
    at Function.Module._load (internal/modules/cjs/loader.js:562:3)
    at Function.Module.runMain (internal/modules/cjs/loader.js:801:12)
    at internal/main/run_main_module.js:21:11
Emitted 'error' event at:
    at emitErrorNT (net.js:1283:8)
    at processTicksAndRejections (internal/process/next_tick.js:76:17)
    at process.runNextTicks [as _tickCallback] (internal/process/next_tick.js:51:3)
    at Function.Module.runMain (internal/modules/cjs/loader.js:804:11)
    at internal/main/run_main_module.js:21:11
events.js:173
      throw er; // Unhandled 'error' event
      ^

Error: listen EADDRINUSE: address already in use :::3000
    at Server.setupListenHandle [as _listen2] (net.js:1256:14)
    at listenInCluster (net.js:1304:12)
    at Server.listen (net.js:1392:7)
    at Function.listen (C:\Users\6001290\Desktop\jobs\pipeline_app_lectura\server\node_modules\express\lib\application.js:618:24)
    at Object.<anonymous> (C:\Users\6001290\Desktop\jobs\pipeline_app_lectura\server\bin\server.js:7:5)
    at Module._compile (internal/modules/cjs/loader.js:738:30)
    at Object.Module._extensions..js (internal/modules/cjs/loader.js:749:10)
    at Module.load (internal/modules/cjs/loader.js:630:32)
    at tryModuleLoad (internal/modules/cjs/loader.js:570:12)
    at Function.Module._load (internal/modules/cjs/loader.js:562:3)
    at Function.Module.runMain (internal/modules/cjs/loader.js:801:12)
    at internal/main/run_main_module.js:21:11
Emitted 'error' event at:
    at emitErrorNT (net.js:1283:8)
    at processTicksAndRejections (internal/process/next_tick.js:76:17)
    at process.runNextTicks [as _tickCallback] (internal/process/next_tick.js:51:3)
    at Function.Module.runMain (internal/modules/cjs/loader.js:804:11)
    at internal/main/run_main_module.js:21:11
events.js:173
      throw er; // Unhandled 'error' event
      ^

Error: listen EADDRINUSE: address already in use :::3000
    at Server.setupListenHandle [as _listen2] (net.js:1256:14)
    at listenInCluster (net.js:1304:12)
    at Server.listen (net.js:1392:7)
    at Function.listen (C:\Users\6001290\Desktop\jobs\pipeline_app_lectura\server\node_modules\express\lib\application.js:618:24)
    at Object.<anonymous> (C:\Users\6001290\Desktop\jobs\pipeline_app_lectura\server\bin\server.js:7:5)
    at Module._compile (internal/modules/cjs/loader.js:738:30)
    at Object.Module._extensions..js (internal/modules/cjs/loader.js:749:10)
    at Module.load (internal/modules/cjs/loader.js:630:32)
    at tryModuleLoad (internal/modules/cjs/loader.js:570:12)
    at Function.Module._load (internal/modules/cjs/loader.js:562:3)
    at Function.Module.runMain (internal/modules/cjs/loader.js:801:12)
    at internal/main/run_main_module.js:21:11
Emitted 'error' event at:
    at emitErrorNT (net.js:1283:8)
    at processTicksAndRejections (internal/process/next_tick.js:76:17)
    at process.runNextTicks [as _tickCallback] (internal/process/next_tick.js:51:3)
    at Function.Module.runMain (internal/modules/cjs/loader.js:804:11)
    at internal/main/run_main_module.js:21:11
C:\Users\6001290\Desktop\jobs\pipeline_app_lectura\server\node_modules\node-windows\lib\wrapper.js:177
    child.send('shutdown');
          ^

TypeError: Cannot read property 'send' of null
    at process.killkid (C:\Users\6001290\Desktop\jobs\pipeline_app_lectura\server\node_modules\node-windows\lib\wrapper.js:177:11)
    at process.emit (events.js:197:13)
    at process.exit (internal/process/per_thread.js:150:15)
    at monitor (C:\Users\6001290\Desktop\jobs\pipeline_app_lectura\server\node_modules\node-windows\lib\wrapper.js:99:17)
    at ChildProcess.<anonymous> (C:\Users\6001290\Desktop\jobs\pipeline_app_lectura\server\node_modules\node-windows\lib\wrapper.js:170:5)
    at ChildProcess.emit (events.js:197:13)
    at Process.ChildProcess._handle.onexit (internal/child_process.js:254:12)
events.js:173
      throw er; // Unhandled 'error' event
      ^

Error: read ECONNRESET
    at TCP.onStreamRead (internal/stream_base_commons.js:162:27)
Emitted 'error' event at:
    at Connection._handleProtocolError (C:\Users\6001290\Desktop\jobs\pipeline_app_lectura\server\node_modules\mysql\lib\Connection.js:425:8)
    at Protocol.emit (events.js:197:13)
    at Protocol._delegateError (C:\Users\6001290\Desktop\jobs\pipeline_app_lectura\server\node_modules\mysql\lib\protocol\Protocol.js:390:10)
    at Protocol.handleNetworkError (C:\Users\6001290\Desktop\jobs\pipeline_app_lectura\server\node_modules\mysql\lib\protocol\Protocol.js:363:10)
    at Connection._handleNetworkError (C:\Users\6001290\Desktop\jobs\pipeline_app_lectura\server\node_modules\mysql\lib\Connection.js:420:18)
    at Socket.emit (events.js:197:13)
    at emitErrorNT (internal/streams/destroy.js:82:8)
    at emitErrorAndCloseNT (internal/streams/destroy.js:50:3)
    at processTicksAndRejections (internal/process/next_tick.js:76:17)
Error [ERR_HTTP_HEADERS_SENT]: Cannot set headers after they are sent to the client
    at ServerResponse.setHeader (_http_outgoing.js:482:11)
    at ServerResponse.header (C:\Users\6001290\Desktop\jobs\pipeline_app_lectura\server\node_modules\express\lib\response.js:767:10)
    at ServerResponse.send (C:\Users\6001290\Desktop\jobs\pipeline_app_lectura\server\node_modules\express\lib\response.js:170:12)
    at C:\Users\6001290\Desktop\jobs\pipeline_app_lectura\server\routes\homeRouter.js:9:9
    at Layer.handle [as handle_request] (C:\Users\6001290\Desktop\jobs\pipeline_app_lectura\server\node_modules\express\lib\router\layer.js:95:5)
    at next (C:\Users\6001290\Desktop\jobs\pipeline_app_lectura\server\node_modules\express\lib\router\route.js:137:13)
    at Route.dispatch (C:\Users\6001290\Desktop\jobs\pipeline_app_lectura\server\node_modules\express\lib\router\route.js:112:3)
    at Layer.handle [as handle_request] (C:\Users\6001290\Desktop\jobs\pipeline_app_lectura\server\node_modules\express\lib\router\layer.js:95:5)
    at C:\Users\6001290\Desktop\jobs\pipeline_app_lectura\server\node_modules\express\lib\router\index.js:281:22
    at Function.process_params (C:\Users\6001290\Desktop\jobs\pipeline_app_lectura\server\node_modules\express\lib\router\index.js:335:12)
    at next (C:\Users\6001290\Desktop\jobs\pipeline_app_lectura\server\node_modules\express\lib\router\index.js:275:10)
    at Function.handle (C:\Users\6001290\Desktop\jobs\pipeline_app_lectura\server\node_modules\express\lib\router\index.js:174:3)
    at router (C:\Users\6001290\Desktop\jobs\pipeline_app_lectura\server\node_modules\express\lib\router\index.js:47:12)
    at Layer.handle [as handle_request] (C:\Users\6001290\Desktop\jobs\pipeline_app_lectura\server\node_modules\express\lib\router\layer.js:95:5)
    at trim_prefix (C:\Users\6001290\Desktop\jobs\pipeline_app_lectura\server\node_modules\express\lib\router\index.js:317:13)
    at C:\Users\6001290\Desktop\jobs\pipeline_app_lectura\server\node_modules\express\lib\router\index.js:284:7
    at Function.process_params (C:\Users\6001290\Desktop\jobs\pipeline_app_lectura\server\node_modules\express\lib\router\index.js:335:12)
    at next (C:\Users\6001290\Desktop\jobs\pipeline_app_lectura\server\node_modules\express\lib\router\index.js:275:10)
    at urlencodedParser (C:\Users\6001290\Desktop\jobs\pipeline_app_lectura\server\node_modules\body-parser\lib\types\urlencoded.js:91:7)
    at Layer.handle [as handle_request] (C:\Users\6001290\Desktop\jobs\pipeline_app_lectura\server\node_modules\express\lib\router\layer.js:95:5)
    at trim_prefix (C:\Users\6001290\Desktop\jobs\pipeline_app_lectura\server\node_modules\express\lib\router\index.js:317:13)
    at C:\Users\6001290\Desktop\jobs\pipeline_app_lectura\server\node_modules\express\lib\router\index.js:284:7
